<?xml version="1.0" encoding="UTF-8"?>
<!-- Generated by org.testng.reporters.JUnitReportReporter -->
<testsuite skipped="0" hostname="jackie-PC" name="TankLearn2.Learn.NewTest" tests="2" failures="0" timestamp="31 七月 2017 02:10:14 GMT" time="0.016" errors="0">
  <testcase name="f" time="0.005" classname="TankLearn2.Learn.NewTest"/>
  <testcase name="f" time="0.011" classname="TankLearn2.Learn.NewTest"/>
</testsuite> <!-- TankLearn2.Learn.NewTest -->
