<?xml version="1.0" encoding="UTF-8"?>
<!-- Generated by org.testng.reporters.JUnitReportReporter -->
<testsuite skipped="0" hostname="jackie-PC" name="TankLearn2.Learn.NewTest" tests="2" failures="0" timestamp="02 八月 2017 01:44:34 GMT" time="0.009" errors="0">
  <testcase name="f" time="0.003" classname="TankLearn2.Learn.NewTest"/>
  <testcase name="f" time="0.006" classname="TankLearn2.Learn.NewTest"/>
</testsuite> <!-- TankLearn2.Learn.NewTest -->
