<?xml version="1.0" encoding="UTF-8"?>
<!-- Generated by org.testng.reporters.JUnitReportReporter -->
<testsuite skipped="0" hostname="jackie-PC" name="TankLearn2.Learn.DataProviderLearn" tests="3" failures="0" timestamp="02 八月 2017 01:44:34 GMT" time="0.007" errors="0">
  <testcase name="verifyUser" time="0.002" classname="TankLearn2.Learn.DataProviderLearn"/>
  <testcase name="verifyUser" time="0.002" classname="TankLearn2.Learn.DataProviderLearn"/>
  <testcase name="verifyUser" time="0.003" classname="TankLearn2.Learn.DataProviderLearn"/>
</testsuite> <!-- TankLearn2.Learn.DataProviderLearn -->
