<?xml version="1.0" encoding="UTF-8"?>
<!-- Generated by org.testng.reporters.JUnitReportReporter -->
<testsuite skipped="0" hostname="jackie-PC" name="TankLearn2.Learn.ExceptionTest" tests="1" failures="0" timestamp="31 七月 2017 01:48:55 GMT" time="0.012" errors="0">
  <testcase name="testException" time="0.012" classname="TankLearn2.Learn.ExceptionTest"/>
</testsuite> <!-- TankLearn2.Learn.ExceptionTest -->
