<?xml version="1.0" encoding="UTF-8"?>
<!-- Generated by org.testng.reporters.JUnitReportReporter -->
<testsuite skipped="0" hostname="jackie-PC" name="TankLearn2.Learn.ParameterizedTest1" tests="1" failures="0" timestamp="31 七月 2017 01:54:20 GMT" time="0.010" errors="0">
  <testcase name="ParaTest" time="0.010" classname="TankLearn2.Learn.ParameterizedTest1"/>
</testsuite> <!-- TankLearn2.Learn.ParameterizedTest1 -->
