<?xml version="1.0" encoding="UTF-8"?>
<!-- Generated by org.testng.reporters.JUnitReportReporter -->
<testsuite skipped="0" hostname="jackie-PC" name="TankLearn2.Learn.TestNGLearn1" tests="3" failures="0" timestamp="02 八月 2017 01:45:14 GMT" time="0.014" errors="0">
  <testcase name="TestNgLearn" time="0.002" classname="TankLearn2.Learn.TestNGLearn1"/>
  <testcase name="TestNgLearn2" time="0.010" classname="TankLearn2.Learn.TestNGLearn1"/>
  <testcase name="TestNgLearn1" time="0.002" classname="TankLearn2.Learn.TestNGLearn1"/>
</testsuite> <!-- TankLearn2.Learn.TestNGLearn1 -->
