<?xml version="1.0" encoding="UTF-8"?>
<!-- Generated by org.testng.reporters.JUnitReportReporter -->
<testsuite skipped="0" hostname="jackie-PC" name="TankLearn2.Learn.DependsTest" tests="2" failures="0" timestamp="31 七月 2017 02:01:10 GMT" time="0.012" errors="0">
  <testcase name="setupEnv" time="0.002" classname="TankLearn2.Learn.DependsTest"/>
  <testcase name="testMessage" time="0.010" classname="TankLearn2.Learn.DependsTest"/>
</testsuite> <!-- TankLearn2.Learn.DependsTest -->
