<?xml version="1.0" encoding="UTF-8"?>
<!-- Generated by org.testng.reporters.JUnitReportReporter -->
<testsuite skipped="0" hostname="jackie-PC" name="TankLearn2.Learn.GroupTest" tests="2" failures="0" timestamp="31 七月 2017 01:50:35 GMT" time="0.011" errors="0">
  <testcase name="testOpenPage" time="0.002" classname="TankLearn2.Learn.GroupTest"/>
  <testcase name="testLogin" time="0.009" classname="TankLearn2.Learn.GroupTest"/>
</testsuite> <!-- TankLearn2.Learn.GroupTest -->
