<?xml version="1.0" encoding="UTF-8"?>
<!-- Generated by org.testng.reporters.JUnitReportReporter -->
<testsuite skipped="0" hostname="jackie-PC" name="TestNg" tests="1" failures="0" timestamp="31 七月 2017 01:38:27 GMT" time="0.006" errors="0">
  <testcase name="test1" time="0.006" classname="TestNg"/>
</testsuite> <!-- TestNg -->
