<?xml version="1.0" encoding="UTF-8"?>
<!-- Generated by org.testng.reporters.JUnitReportReporter -->
<testsuite skipped="0" hostname="jackie-PC" name="TankLearn2.Learn.DataProviderLearn" tests="3" failures="0" timestamp="31 七月 2017 01:57:27 GMT" time="0.010" errors="0">
  <testcase name="verifyUser" time="0.008" classname="TankLearn2.Learn.DataProviderLearn"/>
  <testcase name="verifyUser" time="0.001" classname="TankLearn2.Learn.DataProviderLearn"/>
  <testcase name="verifyUser" time="0.001" classname="TankLearn2.Learn.DataProviderLearn"/>
</testsuite> <!-- TankLearn2.Learn.DataProviderLearn -->
